# JRE version: OpenJDK Runtime Environment (21.0.5) (build 21.0.5+-13047016-b750.29)
# Java VM: OpenJDK 64-Bit Server VM (21.0.5+-13047016-b750.29, mixed mode, tiered, compressed oops, compressed class ptrs, g1 gc, windows-amd64)
GC Precious Log:
 CardTable entry size: 512
 Card Set container configuration: InlinePtr #cards 5 size 8 Array Of Cards #cards 12 size 40 Howl #buckets 4 coarsen threshold 1843 Howl Bitmap #cards 512 size 80 coarsen threshold 460 Card regions per heap region 1 cards per card region 2048
 CPUs: 12 total, 12 available
 Memory: 7501M
 Large Page Support: Disabled
 NUMA Support: Disabled
 Compressed Oops: Enabled (32-bit)
 Heap Region Size: 1M
 Heap Min Capacity: 8M
 Heap Initial Capacity: 118M
 Heap Max Capacity: 2G
 Pre-touch: Disabled
 Parallel Workers: 10
 Concurrent Workers: 3
 Concurrent Refinement Workers: 10
 Periodic GC: Disabled
Heap:
 garbage-first heap   total 263168K, used 182255K [0x0000000080000000, 0x0000000100000000)
  region size 1024K, 7 young (7168K), 7 survivors (7168K)
 Metaspace       used 130961K, committed 133312K, reserved 1179648K
  class space    used 18148K, committed 19328K, reserved 1048576K
GC Heap History (20 events):
Event: 55.987 GC heap after
{Heap after GC invocations=53 (full 0):
 garbage-first heap   total 191488K, used 107492K [0x0000000080000000, 0x0000000100000000)
  region size 1024K, 5 young (5120K), 5 survivors (5120K)
 Metaspace       used 113331K, committed 115456K, reserved 1179648K
  class space    used 15218K, committed 16320K, reserved 1048576K
}
Event: 58.053 GC heap before
{Heap before GC invocations=53 (full 0):
 garbage-first heap   total 191488K, used 159716K [0x0000000080000000, 0x0000000100000000)
  region size 1024K, 57 young (58368K), 5 survivors (5120K)
 Metaspace       used 114124K, committed 116288K, reserved 1179648K
  class space    used 15309K, committed 16384K, reserved 1048576K
}
Event: 58.065 GC heap after
{Heap after GC invocations=54 (full 0):
 garbage-first heap   total 191488K, used 112684K [0x0000000080000000, 0x0000000100000000)
  region size 1024K, 8 young (8192K), 8 survivors (8192K)
 Metaspace       used 114124K, committed 116288K, reserved 1179648K
  class space    used 15309K, committed 16384K, reserved 1048576K
}
Event: 58.428 GC heap before
{Heap before GC invocations=55 (full 0):
 garbage-first heap   total 191488K, used 163884K [0x0000000080000000, 0x0000000100000000)
  region size 1024K, 59 young (60416K), 8 survivors (8192K)
 Metaspace       used 114743K, committed 116928K, reserved 1179648K
  class space    used 15399K, committed 16512K, reserved 1048576K
}
Event: 58.438 GC heap after
{Heap after GC invocations=56 (full 0):
 garbage-first heap   total 191488K, used 121510K [0x0000000080000000, 0x0000000100000000)
  region size 1024K, 8 young (8192K), 8 survivors (8192K)
 Metaspace       used 114743K, committed 116928K, reserved 1179648K
  class space    used 15399K, committed 16512K, reserved 1048576K
}
Event: 59.100 GC heap before
{Heap before GC invocations=56 (full 0):
 garbage-first heap   total 191488K, used 166566K [0x0000000080000000, 0x0000000100000000)
  region size 1024K, 53 young (54272K), 8 survivors (8192K)
 Metaspace       used 116362K, committed 118528K, reserved 1179648K
  class space    used 15646K, committed 16768K, reserved 1048576K
}
Event: 59.111 GC heap after
{Heap after GC invocations=57 (full 0):
 garbage-first heap   total 191488K, used 124771K [0x0000000080000000, 0x0000000100000000)
  region size 1024K, 6 young (6144K), 6 survivors (6144K)
 Metaspace       used 116362K, committed 118528K, reserved 1179648K
  class space    used 15646K, committed 16768K, reserved 1048576K
}
Event: 59.341 GC heap before
{Heap before GC invocations=57 (full 0):
 garbage-first heap   total 191488K, used 160611K [0x0000000080000000, 0x0000000100000000)
  region size 1024K, 42 young (43008K), 6 survivors (6144K)
 Metaspace       used 117046K, committed 119296K, reserved 1179648K
  class space    used 15729K, committed 16896K, reserved 1048576K
}
Event: 59.349 GC heap after
{Heap after GC invocations=58 (full 0):
 garbage-first heap   total 230400K, used 126018K [0x0000000080000000, 0x0000000100000000)
  region size 1024K, 2 young (2048K), 2 survivors (2048K)
 Metaspace       used 117046K, committed 119296K, reserved 1179648K
  class space    used 15729K, committed 16896K, reserved 1048576K
}
Event: 60.432 GC heap before
{Heap before GC invocations=59 (full 0):
 garbage-first heap   total 230400K, used 203842K [0x0000000080000000, 0x0000000100000000)
  region size 1024K, 77 young (78848K), 2 survivors (2048K)
 Metaspace       used 120500K, committed 122688K, reserved 1179648K
  class space    used 16282K, committed 17408K, reserved 1048576K
}
Event: 60.450 GC heap after
{Heap after GC invocations=60 (full 0):
 garbage-first heap   total 230400K, used 138941K [0x0000000080000000, 0x0000000100000000)
  region size 1024K, 10 young (10240K), 10 survivors (10240K)
 Metaspace       used 120500K, committed 122688K, reserved 1179648K
  class space    used 16282K, committed 17408K, reserved 1048576K
}
Event: 61.054 GC heap before
{Heap before GC invocations=60 (full 0):
 garbage-first heap   total 230400K, used 201405K [0x0000000080000000, 0x0000000100000000)
  region size 1024K, 72 young (73728K), 10 survivors (10240K)
 Metaspace       used 123564K, committed 125760K, reserved 1179648K
  class space    used 16786K, committed 17920K, reserved 1048576K
}
Event: 61.079 GC heap after
{Heap after GC invocations=61 (full 0):
 garbage-first heap   total 230400K, used 146016K [0x0000000080000000, 0x0000000100000000)
  region size 1024K, 9 young (9216K), 9 survivors (9216K)
 Metaspace       used 123564K, committed 125760K, reserved 1179648K
  class space    used 16786K, committed 17920K, reserved 1048576K
}
Event: 61.406 GC heap before
{Heap before GC invocations=61 (full 0):
 garbage-first heap   total 230400K, used 203360K [0x0000000080000000, 0x0000000100000000)
  region size 1024K, 65 young (66560K), 9 survivors (9216K)
 Metaspace       used 124313K, committed 126592K, reserved 1179648K
  class space    used 16866K, committed 18048K, reserved 1048576K
}
Event: 61.428 GC heap after
{Heap after GC invocations=62 (full 0):
 garbage-first heap   total 230400K, used 158290K [0x0000000080000000, 0x0000000100000000)
  region size 1024K, 9 young (9216K), 9 survivors (9216K)
 Metaspace       used 124313K, committed 126592K, reserved 1179648K
  class space    used 16866K, committed 18048K, reserved 1048576K
}
Event: 62.135 GC heap before
{Heap before GC invocations=63 (full 0):
 garbage-first heap   total 263168K, used 204370K [0x0000000080000000, 0x0000000100000000)
  region size 1024K, 56 young (57344K), 9 survivors (9216K)
 Metaspace       used 126361K, committed 128640K, reserved 1179648K
  class space    used 17304K, committed 18496K, reserved 1048576K
}
Event: 62.243 GC heap after
{Heap after GC invocations=64 (full 0):
 garbage-first heap   total 263168K, used 166741K [0x0000000080000000, 0x0000000100000000)
  region size 1024K, 7 young (7168K), 7 survivors (7168K)
 Metaspace       used 126361K, committed 128640K, reserved 1179648K
  class space    used 17304K, committed 18496K, reserved 1048576K
}
Event: 62.472 GC heap before
{Heap before GC invocations=64 (full 0):
 garbage-first heap   total 263168K, used 233301K [0x0000000080000000, 0x0000000100000000)
  region size 1024K, 73 young (74752K), 7 survivors (7168K)
 Metaspace       used 127067K, committed 129344K, reserved 1179648K
  class space    used 17421K, committed 18624K, reserved 1048576K
}
Event: 62.494 GC heap after
{Heap after GC invocations=65 (full 0):
 garbage-first heap   total 263168K, used 174881K [0x0000000080000000, 0x0000000100000000)
  region size 1024K, 10 young (10240K), 10 survivors (10240K)
 Metaspace       used 127067K, committed 129344K, reserved 1179648K
  class space    used 17421K, committed 18624K, reserved 1048576K
}
Event: 63.182 GC heap before
{Heap before GC invocations=65 (full 0):
 garbage-first heap   total 263168K, used 234273K [0x0000000080000000, 0x0000000100000000)
  region size 1024K, 69 young (70656K), 10 survivors (10240K)
 Metaspace       used 130961K, committed 133312K, reserved 1179648K
  class space    used 18148K, committed 19328K, reserved 1048576K
}

