# JRE version: OpenJDK Runtime Environment (21.0.5) (build 21.0.5+-13047016-b750.29)
# Java VM: OpenJDK 64-Bit Server VM (21.0.5+-13047016-b750.29, mixed mode, tiered, compressed oops, compressed class ptrs, g1 gc, windows-amd64)
GC Precious Log:
 CardTable entry size: 512
 Card Set container configuration: InlinePtr #cards 5 size 8 Array Of Cards #cards 12 size 40 Howl #buckets 4 coarsen threshold 1843 Howl Bitmap #cards 512 size 80 coarsen threshold 460 Card regions per heap region 1 cards per card region 2048
 CPUs: 12 total, 12 available
 Memory: 7501M
 Large Page Support: Disabled
 NUMA Support: Disabled
 Compressed Oops: Enabled (32-bit)
 Heap Region Size: 1M
 Heap Min Capacity: 8M
 Heap Initial Capacity: 118M
 Heap Max Capacity: 2G
 Pre-touch: Disabled
 Parallel Workers: 10
 Concurrent Workers: 3
 Concurrent Refinement Workers: 10
 Periodic GC: Disabled
Heap:
 garbage-first heap   total 324608K, used 190073K [0x0000000080000000, 0x0000000100000000)
  region size 1024K, 3 young (3072K), 3 survivors (3072K)
 Metaspace       used 143074K, committed 145408K, reserved 1179648K
  class space    used 19489K, committed 20672K, reserved 1048576K
GC Heap History (20 events):
Event: 41.039 GC heap after
{Heap after GC invocations=50 (full 0):
 garbage-first heap   total 307200K, used 162362K [0x0000000080000000, 0x0000000100000000)
  region size 1024K, 3 young (3072K), 3 survivors (3072K)
 Metaspace       used 116878K, committed 118976K, reserved 1179648K
  class space    used 15471K, committed 16512K, reserved 1048576K
}
Event: 41.050 GC heap before
{Heap before GC invocations=50 (full 0):
 garbage-first heap   total 307200K, used 165434K [0x0000000080000000, 0x0000000100000000)
  region size 1024K, 4 young (4096K), 3 survivors (3072K)
 Metaspace       used 116880K, committed 118976K, reserved 1179648K
  class space    used 15471K, committed 16512K, reserved 1048576K
}
Event: 41.054 GC heap after
{Heap after GC invocations=51 (full 0):
 garbage-first heap   total 307200K, used 162470K [0x0000000080000000, 0x0000000100000000)
  region size 1024K, 3 young (3072K), 3 survivors (3072K)
 Metaspace       used 116880K, committed 118976K, reserved 1179648K
  class space    used 15471K, committed 16512K, reserved 1048576K
}
Event: 41.976 GC heap before
{Heap before GC invocations=52 (full 0):
 garbage-first heap   total 317440K, used 316070K [0x0000000080000000, 0x0000000100000000)
  region size 1024K, 52 young (53248K), 3 survivors (3072K)
 Metaspace       used 117479K, committed 119616K, reserved 1179648K
  class space    used 15513K, committed 16576K, reserved 1048576K
}
Event: 41.983 GC heap after
{Heap after GC invocations=53 (full 0):
 garbage-first heap   total 321536K, used 136773K [0x0000000080000000, 0x0000000100000000)
  region size 1024K, 4 young (4096K), 4 survivors (4096K)
 Metaspace       used 117479K, committed 119616K, reserved 1179648K
  class space    used 15513K, committed 16576K, reserved 1048576K
}
Event: 47.567 GC heap before
{Heap before GC invocations=53 (full 0):
 garbage-first heap   total 321536K, used 295493K [0x0000000080000000, 0x0000000100000000)
  region size 1024K, 146 young (149504K), 4 survivors (4096K)
 Metaspace       used 120910K, committed 123200K, reserved 1179648K
  class space    used 15912K, committed 17088K, reserved 1048576K
}
Event: 47.591 GC heap after
{Heap after GC invocations=54 (full 0):
 garbage-first heap   total 321536K, used 128901K [0x0000000080000000, 0x0000000100000000)
  region size 1024K, 15 young (15360K), 15 survivors (15360K)
 Metaspace       used 120910K, committed 123200K, reserved 1179648K
  class space    used 15912K, committed 17088K, reserved 1048576K
}
Event: 48.980 GC heap before
{Heap before GC invocations=54 (full 0):
 garbage-first heap   total 321536K, used 279429K [0x0000000080000000, 0x0000000100000000)
  region size 1024K, 163 young (166912K), 15 survivors (15360K)
 Metaspace       used 124982K, committed 127232K, reserved 1179648K
  class space    used 16505K, committed 17664K, reserved 1048576K
}
Event: 49.002 GC heap after
{Heap after GC invocations=55 (full 0):
 garbage-first heap   total 321536K, used 147903K [0x0000000080000000, 0x0000000100000000)
  region size 1024K, 21 young (21504K), 21 survivors (21504K)
 Metaspace       used 124982K, committed 127232K, reserved 1179648K
  class space    used 16505K, committed 17664K, reserved 1048576K
}
Event: 49.460 GC heap before
{Heap before GC invocations=55 (full 0):
 garbage-first heap   total 321536K, used 225727K [0x0000000080000000, 0x0000000100000000)
  region size 1024K, 99 young (101376K), 21 survivors (21504K)
 Metaspace       used 127775K, committed 130048K, reserved 1179648K
  class space    used 16924K, committed 18048K, reserved 1048576K
}
Event: 49.479 GC heap after
{Heap after GC invocations=56 (full 0):
 garbage-first heap   total 321536K, used 155704K [0x0000000080000000, 0x0000000100000000)
  region size 1024K, 7 young (7168K), 7 survivors (7168K)
 Metaspace       used 127775K, committed 130048K, reserved 1179648K
  class space    used 16924K, committed 18048K, reserved 1048576K
}
Event: 50.370 GC heap before
{Heap before GC invocations=57 (full 0):
 garbage-first heap   total 321536K, used 283704K [0x0000000080000000, 0x0000000100000000)
  region size 1024K, 132 young (135168K), 7 survivors (7168K)
 Metaspace       used 132018K, committed 134336K, reserved 1179648K
  class space    used 17606K, committed 18752K, reserved 1048576K
}
Event: 50.396 GC heap after
{Heap after GC invocations=58 (full 0):
 garbage-first heap   total 321536K, used 174775K [0x0000000080000000, 0x0000000100000000)
  region size 1024K, 17 young (17408K), 17 survivors (17408K)
 Metaspace       used 132018K, committed 134336K, reserved 1179648K
  class space    used 17606K, committed 18752K, reserved 1048576K
}
Event: 50.759 GC heap before
{Heap before GC invocations=58 (full 0):
 garbage-first heap   total 321536K, used 284343K [0x0000000080000000, 0x0000000100000000)
  region size 1024K, 125 young (128000K), 17 survivors (17408K)
 Metaspace       used 135139K, committed 137472K, reserved 1179648K
  class space    used 18284K, committed 19456K, reserved 1048576K
}
Event: 50.791 GC heap after
{Heap after GC invocations=59 (full 0):
 garbage-first heap   total 322560K, used 178166K [0x0000000080000000, 0x0000000100000000)
  region size 1024K, 16 young (16384K), 16 survivors (16384K)
 Metaspace       used 135139K, committed 137472K, reserved 1179648K
  class space    used 18284K, committed 19456K, reserved 1048576K
}
Event: 51.334 GC heap before
{Heap before GC invocations=59 (full 0):
 garbage-first heap   total 322560K, used 283638K [0x0000000080000000, 0x0000000100000000)
  region size 1024K, 120 young (122880K), 16 survivors (16384K)
 Metaspace       used 138611K, committed 140928K, reserved 1179648K
  class space    used 18921K, committed 20096K, reserved 1048576K
}
Event: 51.363 GC heap after
{Heap after GC invocations=60 (full 0):
 garbage-first heap   total 322560K, used 196427K [0x0000000080000000, 0x0000000100000000)
  region size 1024K, 15 young (15360K), 15 survivors (15360K)
 Metaspace       used 138611K, committed 140928K, reserved 1179648K
  class space    used 18921K, committed 20096K, reserved 1048576K
}
Event: 52.261 GC heap before
{Heap before GC invocations=61 (full 0):
 garbage-first heap   total 324608K, used 285515K [0x0000000080000000, 0x0000000100000000)
  region size 1024K, 105 young (107520K), 15 survivors (15360K)
 Metaspace       used 141599K, committed 143936K, reserved 1179648K
  class space    used 19303K, committed 20480K, reserved 1048576K
}
Event: 52.275 GC heap after
{Heap after GC invocations=62 (full 0):
 garbage-first heap   total 324608K, used 198656K [0x0000000080000000, 0x0000000100000000)
  region size 1024K, 3 young (3072K), 3 survivors (3072K)
 Metaspace       used 141599K, committed 143936K, reserved 1179648K
  class space    used 19303K, committed 20480K, reserved 1048576K
}
Event: 52.782 GC heap before
{Heap before GC invocations=62 (full 0):
 garbage-first heap   total 324608K, used 294912K [0x0000000080000000, 0x0000000100000000)
  region size 1024K, 97 young (99328K), 3 survivors (3072K)
 Metaspace       used 143074K, committed 145408K, reserved 1179648K
  class space    used 19489K, committed 20672K, reserved 1048576K
}

